# JRE version: Java(TM) SE Runtime Environment Oracle GraalVM 17.0.7+8.1 (17.0.7+8) (build 17.0.7+8-LTS-jvmci-23.0-b12)
# Java VM: Java HotSpot(TM) 64-Bit Server VM Oracle GraalVM 17.0.7+8.1 (17.0.7+8-LTS-jvmci-23.0-b12, mixed mode, sharing, tiered, jvmci, jvmci compiler, compressed oops, compressed class ptrs, g1 gc, bsd-aarch64)
GC Precious Log:
 CPUs: 8 total, 8 available
 Memory: 16384M
 Large Page Support: Disabled
 NUMA Support: Disabled
 Compressed Oops: Enabled (Zero based)
 Heap Region Size: 2M
 Heap Min Capacity: 8M
 Heap Initial Capacity: 256M
 Heap Max Capacity: 4G
 Pre-touch: Disabled
 Parallel Workers: 8
 Concurrent Workers: 2
 Concurrent Refinement Workers: 8
 Periodic GC: Disabled
Heap:
 garbage-first heap   total 299008K, used 190904K [0x0000000700000000, 0x0000000800000000)
  region size 2048K, 85 young (174080K), 1 survivors (2048K)
 Metaspace       used 21763K, committed 21952K, reserved 1073152K
  class space    used 2619K, committed 2688K, reserved 1048576K
GC Heap History (20 events):
Event: 18.848 GC heap before
{Heap before GC invocations=271 (full 0):
 garbage-first heap   total 299008K, used 197044K [0x0000000700000000, 0x0000000800000000)
  region size 2048K, 87 young (178176K), 1 survivors (2048K)
 Metaspace       used 21740K, committed 21888K, reserved 1073152K
  class space    used 2616K, committed 2688K, reserved 1048576K
}
Event: 18.849 GC heap after
{Heap after GC invocations=272 (full 0):
 garbage-first heap   total 299008K, used 20920K [0x0000000700000000, 0x0000000800000000)
  region size 2048K, 1 young (2048K), 1 survivors (2048K)
 Metaspace       used 21740K, committed 21888K, reserved 1073152K
  class space    used 2616K, committed 2688K, reserved 1048576K
}
Event: 18.901 GC heap before
{Heap before GC invocations=272 (full 0):
 garbage-first heap   total 299008K, used 197048K [0x0000000700000000, 0x0000000800000000)
  region size 2048K, 87 young (178176K), 1 survivors (2048K)
 Metaspace       used 21740K, committed 21888K, reserved 1073152K
  class space    used 2616K, committed 2688K, reserved 1048576K
}
Event: 18.902 GC heap after
{Heap after GC invocations=273 (full 0):
 garbage-first heap   total 299008K, used 20918K [0x0000000700000000, 0x0000000800000000)
  region size 2048K, 1 young (2048K), 1 survivors (2048K)
 Metaspace       used 21740K, committed 21888K, reserved 1073152K
  class space    used 2616K, committed 2688K, reserved 1048576K
}
Event: 18.956 GC heap before
{Heap before GC invocations=273 (full 0):
 garbage-first heap   total 299008K, used 197046K [0x0000000700000000, 0x0000000800000000)
  region size 2048K, 87 young (178176K), 1 survivors (2048K)
 Metaspace       used 21740K, committed 21888K, reserved 1073152K
  class space    used 2616K, committed 2688K, reserved 1048576K
}
Event: 18.957 GC heap after
{Heap after GC invocations=274 (full 0):
 garbage-first heap   total 299008K, used 20920K [0x0000000700000000, 0x0000000800000000)
  region size 2048K, 1 young (2048K), 1 survivors (2048K)
 Metaspace       used 21740K, committed 21888K, reserved 1073152K
  class space    used 2616K, committed 2688K, reserved 1048576K
}
Event: 19.010 GC heap before
{Heap before GC invocations=274 (full 0):
 garbage-first heap   total 299008K, used 197048K [0x0000000700000000, 0x0000000800000000)
  region size 2048K, 87 young (178176K), 1 survivors (2048K)
 Metaspace       used 21740K, committed 21888K, reserved 1073152K
  class space    used 2616K, committed 2688K, reserved 1048576K
}
Event: 19.010 GC heap after
{Heap after GC invocations=275 (full 0):
 garbage-first heap   total 299008K, used 20918K [0x0000000700000000, 0x0000000800000000)
  region size 2048K, 1 young (2048K), 1 survivors (2048K)
 Metaspace       used 21740K, committed 21888K, reserved 1073152K
  class space    used 2616K, committed 2688K, reserved 1048576K
}
Event: 19.064 GC heap before
{Heap before GC invocations=275 (full 0):
 garbage-first heap   total 299008K, used 197046K [0x0000000700000000, 0x0000000800000000)
  region size 2048K, 87 young (178176K), 1 survivors (2048K)
 Metaspace       used 21740K, committed 21888K, reserved 1073152K
  class space    used 2616K, committed 2688K, reserved 1048576K
}
Event: 19.064 GC heap after
{Heap after GC invocations=276 (full 0):
 garbage-first heap   total 299008K, used 20924K [0x0000000700000000, 0x0000000800000000)
  region size 2048K, 1 young (2048K), 1 survivors (2048K)
 Metaspace       used 21740K, committed 21888K, reserved 1073152K
  class space    used 2616K, committed 2688K, reserved 1048576K
}
Event: 19.118 GC heap before
{Heap before GC invocations=276 (full 0):
 garbage-first heap   total 299008K, used 197052K [0x0000000700000000, 0x0000000800000000)
  region size 2048K, 87 young (178176K), 1 survivors (2048K)
 Metaspace       used 21740K, committed 21888K, reserved 1073152K
  class space    used 2616K, committed 2688K, reserved 1048576K
}
Event: 19.119 GC heap after
{Heap after GC invocations=277 (full 0):
 garbage-first heap   total 299008K, used 20924K [0x0000000700000000, 0x0000000800000000)
  region size 2048K, 1 young (2048K), 1 survivors (2048K)
 Metaspace       used 21740K, committed 21888K, reserved 1073152K
  class space    used 2616K, committed 2688K, reserved 1048576K
}
Event: 19.175 GC heap before
{Heap before GC invocations=277 (full 0):
 garbage-first heap   total 299008K, used 197052K [0x0000000700000000, 0x0000000800000000)
  region size 2048K, 87 young (178176K), 1 survivors (2048K)
 Metaspace       used 21740K, committed 21888K, reserved 1073152K
  class space    used 2616K, committed 2688K, reserved 1048576K
}
Event: 19.175 GC heap after
{Heap after GC invocations=278 (full 0):
 garbage-first heap   total 299008K, used 20918K [0x0000000700000000, 0x0000000800000000)
  region size 2048K, 1 young (2048K), 1 survivors (2048K)
 Metaspace       used 21740K, committed 21888K, reserved 1073152K
  class space    used 2616K, committed 2688K, reserved 1048576K
}
Event: 19.229 GC heap before
{Heap before GC invocations=278 (full 0):
 garbage-first heap   total 299008K, used 197046K [0x0000000700000000, 0x0000000800000000)
  region size 2048K, 87 young (178176K), 1 survivors (2048K)
 Metaspace       used 21740K, committed 21888K, reserved 1073152K
  class space    used 2616K, committed 2688K, reserved 1048576K
}
Event: 19.229 GC heap after
{Heap after GC invocations=279 (full 0):
 garbage-first heap   total 299008K, used 20916K [0x0000000700000000, 0x0000000800000000)
  region size 2048K, 1 young (2048K), 1 survivors (2048K)
 Metaspace       used 21740K, committed 21888K, reserved 1073152K
  class space    used 2616K, committed 2688K, reserved 1048576K
}
Event: 19.285 GC heap before
{Heap before GC invocations=279 (full 0):
 garbage-first heap   total 299008K, used 197044K [0x0000000700000000, 0x0000000800000000)
  region size 2048K, 87 young (178176K), 1 survivors (2048K)
 Metaspace       used 21740K, committed 21888K, reserved 1073152K
  class space    used 2616K, committed 2688K, reserved 1048576K
}
Event: 19.285 GC heap after
{Heap after GC invocations=280 (full 0):
 garbage-first heap   total 299008K, used 20920K [0x0000000700000000, 0x0000000800000000)
  region size 2048K, 1 young (2048K), 1 survivors (2048K)
 Metaspace       used 21740K, committed 21888K, reserved 1073152K
  class space    used 2616K, committed 2688K, reserved 1048576K
}
Event: 19.341 GC heap before
{Heap before GC invocations=280 (full 0):
 garbage-first heap   total 299008K, used 197048K [0x0000000700000000, 0x0000000800000000)
  region size 2048K, 87 young (178176K), 1 survivors (2048K)
 Metaspace       used 21740K, committed 21888K, reserved 1073152K
  class space    used 2616K, committed 2688K, reserved 1048576K
}
Event: 19.341 GC heap after
{Heap after GC invocations=281 (full 0):
 garbage-first heap   total 299008K, used 20920K [0x0000000700000000, 0x0000000800000000)
  region size 2048K, 1 young (2048K), 1 survivors (2048K)
 Metaspace       used 21740K, committed 21888K, reserved 1073152K
  class space    used 2616K, committed 2688K, reserved 1048576K
}

